# JRE version: Java(TM) SE Runtime Environment (8.0_91-b14) (build 1.8.0_91-b14)
# Java VM: Java HotSpot(TM) 64-Bit Server VM (25.91-b14 mixed mode windows-amd64 compressed oops)
Heap:
 PSYoungGen      total 232960K, used 116736K [0x00000000eab00000, 0x0000000100000000, 0x0000000100000000)
  eden space 116736K, 100% used [0x00000000eab00000,0x00000000f1d00000,0x00000000f1d00000)
  from space 116224K, 0% used [0x00000000f1d00000,0x00000000f1d00000,0x00000000f8e80000)
  to   space 116224K, 0% used [0x00000000f8e80000,0x00000000f8e80000,0x0000000100000000)
 ParOldGen       total 699392K, used 699139K [0x00000000c0000000, 0x00000000eab00000, 0x00000000eab00000)
  object space 699392K, 99% used [0x00000000c0000000,0x00000000eaac0d58,0x00000000eab00000)
 Metaspace       used 23842K, capacity 24022K, committed 24192K, reserved 1071104K
  class space    used 2806K, capacity 2867K, committed 2944K, reserved 1048576K
GC Heap History (10 events):
Event: 31.173 GC heap after
Heap after GC invocations=33 (full 8):
 PSYoungGen      total 232960K, used 53020K [0x00000000eab00000, 0x0000000100000000, 0x0000000100000000)
  eden space 116736K, 45% used [0x00000000eab00000,0x00000000edec7368,0x00000000f1d00000)
  from space 116224K, 0% used [0x00000000f1d00000,0x00000000f1d00000,0x00000000f8e80000)
  to   space 116224K, 0% used [0x00000000f8e80000,0x00000000f8e80000,0x0000000100000000)
 ParOldGen       total 699392K, used 698935K [0x00000000c0000000, 0x00000000eab00000, 0x00000000eab00000)
  object space 699392K, 99% used [0x00000000c0000000,0x00000000eaa8df58,0x00000000eab00000)
 Metaspace       used 23830K, capacity 24022K, committed 24192K, reserved 1071104K
  class space    used 2805K, capacity 2867K, committed 2944K, reserved 1048576K
}
Event: 31.224 GC heap before
{Heap before GC invocations=34 (full 9):
 PSYoungGen      total 232960K, used 116736K [0x00000000eab00000, 0x0000000100000000, 0x0000000100000000)
  eden space 116736K, 100% used [0x00000000eab00000,0x00000000f1d00000,0x00000000f1d00000)
  from space 116224K, 0% used [0x00000000f1d00000,0x00000000f1d00000,0x00000000f8e80000)
  to   space 116224K, 0% used [0x00000000f8e80000,0x00000000f8e80000,0x0000000100000000)
 ParOldGen       total 699392K, used 698962K [0x00000000c0000000, 0x00000000eab00000, 0x00000000eab00000)
  object space 699392K, 99% used [0x00000000c0000000,0x00000000eaa94ad8,0x00000000eab00000)
 Metaspace       used 23834K, capacity 24022K, committed 24192K, reserved 1071104K
  class space    used 2805K, capacity 2867K, committed 2944K, reserved 1048576K
Event: 34.730 GC heap after
Heap after GC invocations=34 (full 9):
 PSYoungGen      total 232960K, used 71654K [0x00000000eab00000, 0x0000000100000000, 0x0000000100000000)
  eden space 116736K, 61% used [0x00000000eab00000,0x00000000ef0f99f0,0x00000000f1d00000)
  from space 116224K, 0% used [0x00000000f1d00000,0x00000000f1d00000,0x00000000f8e80000)
  to   space 116224K, 0% used [0x00000000f8e80000,0x00000000f8e80000,0x0000000100000000)
 ParOldGen       total 699392K, used 698980K [0x00000000c0000000, 0x00000000eab00000, 0x00000000eab00000)
  object space 699392K, 99% used [0x00000000c0000000,0x00000000eaa99258,0x00000000eab00000)
 Metaspace       used 23834K, capacity 24022K, committed 24192K, reserved 1071104K
  class space    used 2805K, capacity 2867K, committed 2944K, reserved 1048576K
}
Event: 34.777 GC heap before
{Heap before GC invocations=35 (full 10):
 PSYoungGen      total 232960K, used 116736K [0x00000000eab00000, 0x0000000100000000, 0x0000000100000000)
  eden space 116736K, 100% used [0x00000000eab00000,0x00000000f1d00000,0x00000000f1d00000)
  from space 116224K, 0% used [0x00000000f1d00000,0x00000000f1d00000,0x00000000f8e80000)
  to   space 116224K, 0% used [0x00000000f8e80000,0x00000000f8e80000,0x0000000100000000)
 ParOldGen       total 699392K, used 698983K [0x00000000c0000000, 0x00000000eab00000, 0x00000000eab00000)
  object space 699392K, 99% used [0x00000000c0000000,0x00000000eaa99d78,0x00000000eab00000)
 Metaspace       used 23840K, capacity 24022K, committed 24192K, reserved 1071104K
  class space    used 2805K, capacity 2867K, committed 2944K, reserved 1048576K
Event: 38.288 GC heap after
Heap after GC invocations=35 (full 10):
 PSYoungGen      total 232960K, used 78514K [0x00000000eab00000, 0x0000000100000000, 0x0000000100000000)
  eden space 116736K, 67% used [0x00000000eab00000,0x00000000ef7acb48,0x00000000f1d00000)
  from space 116224K, 0% used [0x00000000f1d00000,0x00000000f1d00000,0x00000000f8e80000)
  to   space 116224K, 0% used [0x00000000f8e80000,0x00000000f8e80000,0x0000000100000000)
 ParOldGen       total 699392K, used 699104K [0x00000000c0000000, 0x00000000eab00000, 0x00000000eab00000)
  object space 699392K, 99% used [0x00000000c0000000,0x00000000eaab8178,0x00000000eab00000)
 Metaspace       used 23840K, capacity 24022K, committed 24192K, reserved 1071104K
  class space    used 2805K, capacity 2867K, committed 2944K, reserved 1048576K
}
Event: 38.314 GC heap before
{Heap before GC invocations=36 (full 11):
 PSYoungGen      total 232960K, used 116736K [0x00000000eab00000, 0x0000000100000000, 0x0000000100000000)
  eden space 116736K, 100% used [0x00000000eab00000,0x00000000f1d00000,0x00000000f1d00000)
  from space 116224K, 0% used [0x00000000f1d00000,0x00000000f1d00000,0x00000000f8e80000)
  to   space 116224K, 0% used [0x00000000f8e80000,0x00000000f8e80000,0x0000000100000000)
 ParOldGen       total 699392K, used 699104K [0x00000000c0000000, 0x00000000eab00000, 0x00000000eab00000)
  object space 699392K, 99% used [0x00000000c0000000,0x00000000eaab8178,0x00000000eab00000)
 Metaspace       used 23842K, capacity 24022K, committed 24192K, reserved 1071104K
  class space    used 2806K, capacity 2867K, committed 2944K, reserved 1048576K
Event: 41.118 GC heap after
Heap after GC invocations=36 (full 11):
 PSYoungGen      total 232960K, used 89495K [0x00000000eab00000, 0x0000000100000000, 0x0000000100000000)
  eden space 116736K, 76% used [0x00000000eab00000,0x00000000f0265d40,0x00000000f1d00000)
  from space 116224K, 0% used [0x00000000f1d00000,0x00000000f1d00000,0x00000000f8e80000)
  to   space 116224K, 0% used [0x00000000f8e80000,0x00000000f8e80000,0x0000000100000000)
 ParOldGen       total 699392K, used 699387K [0x00000000c0000000, 0x00000000eab00000, 0x00000000eab00000)
  object space 699392K, 99% used [0x00000000c0000000,0x00000000eaafec58,0x00000000eab00000)
 Metaspace       used 23842K, capacity 24022K, committed 24192K, reserved 1071104K
  class space    used 2806K, capacity 2867K, committed 2944K, reserved 1048576K
}
Event: 41.147 GC heap before
{Heap before GC invocations=37 (full 12):
 PSYoungGen      total 232960K, used 116736K [0x00000000eab00000, 0x0000000100000000, 0x0000000100000000)
  eden space 116736K, 100% used [0x00000000eab00000,0x00000000f1d00000,0x00000000f1d00000)
  from space 116224K, 0% used [0x00000000f1d00000,0x00000000f1d00000,0x00000000f8e80000)
  to   space 116224K, 0% used [0x00000000f8e80000,0x00000000f8e80000,0x0000000100000000)
 ParOldGen       total 699392K, used 699391K [0x00000000c0000000, 0x00000000eab00000, 0x00000000eab00000)
  object space 699392K, 99% used [0x00000000c0000000,0x00000000eaafffe0,0x00000000eab00000)
 Metaspace       used 23842K, capacity 24022K, committed 24192K, reserved 1071104K
  class space    used 2806K, capacity 2867K, committed 2944K, reserved 1048576K
Event: 44.298 GC heap after
Heap after GC invocations=37 (full 12):
 PSYoungGen      total 232960K, used 94507K [0x00000000eab00000, 0x0000000100000000, 0x0000000100000000)
  eden space 116736K, 80% used [0x00000000eab00000,0x00000000f074adc8,0x00000000f1d00000)
  from space 116224K, 0% used [0x00000000f1d00000,0x00000000f1d00000,0x00000000f8e80000)
  to   space 116224K, 0% used [0x00000000f8e80000,0x00000000f8e80000,0x0000000100000000)
 ParOldGen       total 699392K, used 699137K [0x00000000c0000000, 0x00000000eab00000, 0x00000000eab00000)
  object space 699392K, 99% used [0x00000000c0000000,0x00000000eaac04a0,0x00000000eab00000)
 Metaspace       used 23842K, capacity 24022K, committed 24192K, reserved 1071104K
  class space    used 2806K, capacity 2867K, committed 2944K, reserved 1048576K
}
Event: 44.318 GC heap before
{Heap before GC invocations=38 (full 13):
 PSYoungGen      total 232960K, used 116736K [0x00000000eab00000, 0x0000000100000000, 0x0000000100000000)
  eden space 116736K, 100% used [0x00000000eab00000,0x00000000f1d00000,0x00000000f1d00000)
  from space 116224K, 0% used [0x00000000f1d00000,0x00000000f1d00000,0x00000000f8e80000)
  to   space 116224K, 0% used [0x00000000f8e80000,0x00000000f8e80000,0x0000000100000000)
 ParOldGen       total 699392K, used 699139K [0x00000000c0000000, 0x00000000eab00000, 0x00000000eab00000)
  object space 699392K, 99% used [0x00000000c0000000,0x00000000eaac0d58,0x00000000eab00000)
 Metaspace       used 23842K, capacity 24022K, committed 24192K, reserved 1071104K
  class space    used 2806K, capacity 2867K, committed 2944K, reserved 1048576K

